Device: cuda
From-scratch PPO: 650,000 episodes, eval every 5,000

Using device: cuda
Generating 500 mate-in-1 positions...
Done.
Episode      0  — baseline (random weights) ...
  checkmate: 0.3%

--- Phase: ratio=1.0  (200,000 episodes) ---
  ep   5,000  ratio=1.0  checkmate: 0.3%  (7s)
  ep  10,000  ratio=1.0  checkmate: 0.0%  (7s)
  ep  15,000  ratio=1.0  checkmate: 0.3%  (7s)
  ep  20,000  ratio=1.0  checkmate: 0.3%  (7s)
  ep  25,000  ratio=1.0  checkmate: 0.3%  (7s)
  ep  30,000  ratio=1.0  checkmate: 1.3%  (7s)
  ep  35,000  ratio=1.0  checkmate: 0.3%  (7s)
  ep  40,000  ratio=1.0  checkmate: 0.7%  (7s)
  ep  45,000  ratio=1.0  checkmate: 1.3%  (7s)
  ep  50,000  ratio=1.0  checkmate: 0.3%  (7s)
  ep  55,000  ratio=1.0  checkmate: 1.3%  (7s)
  ep  60,000  ratio=1.0  checkmate: 0.7%  (7s)
  ep  65,000  ratio=1.0  checkmate: 0.7%  (7s)
  ep  70,000  ratio=1.0  checkmate: 0.7%  (7s)
  ep  75,000  ratio=1.0  checkmate: 1.0%  (7s)
  ep  80,000  ratio=1.0  checkmate: 0.0%  (7s)
  ep  85,000  ratio=1.0  checkmate: 1.3%  (7s)
  ep  90,000  ratio=1.0  checkmate: 0.7%  (7s)
  ep  95,000  ratio=1.0  checkmate: 0.3%  (7s)
  ep 100,000  ratio=1.0  checkmate: 0.3%  (7s)
  ep 105,000  ratio=1.0  checkmate: 0.7%  (7s)
  ep 110,000  ratio=1.0  checkmate: 0.0%  (7s)
  ep 115,000  ratio=1.0  checkmate: 0.7%  (7s)
  ep 120,000  ratio=1.0  checkmate: 0.3%  (7s)
  ep 125,000  ratio=1.0  checkmate: 0.3%  (7s)
  ep 130,000  ratio=1.0  checkmate: 0.0%  (8s)
  ep 135,000  ratio=1.0  checkmate: 0.3%  (7s)
  ep 140,000  ratio=1.0  checkmate: 0.3%  (7s)
  ep 145,000  ratio=1.0  checkmate: 0.3%  (7s)
  ep 150,000  ratio=1.0  checkmate: 0.7%  (7s)
  ep 155,000  ratio=1.0  checkmate: 1.0%  (7s)
  ep 160,000  ratio=1.0  checkmate: 1.3%  (7s)
  ep 165,000  ratio=1.0  checkmate: 0.3%  (7s)
  ep 170,000  ratio=1.0  checkmate: 0.3%  (7s)
  ep 175,000  ratio=1.0  checkmate: 0.3%  (7s)
  ep 180,000  ratio=1.0  checkmate: 1.0%  (7s)
  ep 185,000  ratio=1.0  checkmate: 0.3%  (7s)
  ep 190,000  ratio=1.0  checkmate: 1.0%  (7s)
  ep 195,000  ratio=1.0  checkmate: 0.0%  (8s)
  ep 200,000  ratio=1.0  checkmate: 0.7%  (7s)

--- Phase: ratio=0.5  (150,000 episodes) ---
  ep 205,000  ratio=0.5  checkmate: 0.0%  (15s)
  ep 210,000  ratio=0.5  checkmate: 0.7%  (16s)
  ep 215,000  ratio=0.5  checkmate: 1.0%  (16s)
  ep 220,000  ratio=0.5  checkmate: 0.7%  (15s)
  ep 225,000  ratio=0.5  checkmate: 1.3%  (16s)
  ep 230,000  ratio=0.5  checkmate: 1.0%  (16s)
  ep 235,000  ratio=0.5  checkmate: 0.7%  (16s)
  ep 240,000  ratio=0.5  checkmate: 0.0%  (16s)
  ep 245,000  ratio=0.5  checkmate: 1.3%  (16s)
  ep 250,000  ratio=0.5  checkmate: 2.3%  (16s)
  ep 255,000  ratio=0.5  checkmate: 0.7%  (15s)
  ep 260,000  ratio=0.5  checkmate: 0.3%  (16s)
  ep 265,000  ratio=0.5  checkmate: 0.0%  (16s)
  ep 270,000  ratio=0.5  checkmate: 0.7%  (15s)
  ep 275,000  ratio=0.5  checkmate: 0.3%  (16s)
  ep 280,000  ratio=0.5  checkmate: 0.7%  (16s)
  ep 285,000  ratio=0.5  checkmate: 0.7%  (15s)
  ep 290,000  ratio=0.5  checkmate: 0.3%  (15s)
  ep 295,000  ratio=0.5  checkmate: 0.7%  (15s)
  ep 300,000  ratio=0.5  checkmate: 0.3%  (16s)
  ep 305,000  ratio=0.5  checkmate: 1.0%  (16s)
  ep 310,000  ratio=0.5  checkmate: 1.0%  (16s)
  ep 315,000  ratio=0.5  checkmate: 1.0%  (16s)
  ep 320,000  ratio=0.5  checkmate: 0.3%  (15s)
  ep 325,000  ratio=0.5  checkmate: 0.3%  (15s)
  ep 330,000  ratio=0.5  checkmate: 0.3%  (15s)
  ep 335,000  ratio=0.5  checkmate: 0.3%  (15s)
  ep 340,000  ratio=0.5  checkmate: 1.3%  (15s)
  ep 345,000  ratio=0.5  checkmate: 0.3%  (14s)
  ep 350,000  ratio=0.5  checkmate: 1.3%  (14s)

--- Phase: ratio=0.2  (150,000 episodes) ---
  ep 355,000  ratio=0.2  checkmate: 0.7%  (20s)
  ep 360,000  ratio=0.2  checkmate: 0.7%  (20s)
  ep 365,000  ratio=0.2  checkmate: 0.7%  (19s)
  ep 370,000  ratio=0.2  checkmate: 0.3%  (20s)
  ep 375,000  ratio=0.2  checkmate: 1.0%  (20s)
  ep 380,000  ratio=0.2  checkmate: 1.3%  (19s)
  ep 385,000  ratio=0.2  checkmate: 2.0%  (19s)
  ep 390,000  ratio=0.2  checkmate: 0.3%  (19s)
  ep 395,000  ratio=0.2  checkmate: 1.3%  (19s)
  ep 400,000  ratio=0.2  checkmate: 0.7%  (19s)
  ep 405,000  ratio=0.2  checkmate: 0.3%  (18s)
  ep 410,000  ratio=0.2  checkmate: 1.0%  (18s)
  ep 415,000  ratio=0.2  checkmate: 2.7%  (19s)
  ep 420,000  ratio=0.2  checkmate: 0.7%  (18s)
  ep 425,000  ratio=0.2  checkmate: 1.7%  (18s)
  ep 430,000  ratio=0.2  checkmate: 0.7%  (18s)
  ep 435,000  ratio=0.2  checkmate: 1.3%  (17s)
  ep 440,000  ratio=0.2  checkmate: 0.3%  (17s)
  ep 445,000  ratio=0.2  checkmate: 0.7%  (17s)
  ep 450,000  ratio=0.2  checkmate: 0.0%  (17s)
  ep 455,000  ratio=0.2  checkmate: 0.3%  (17s)
  ep 460,000  ratio=0.2  checkmate: 0.7%  (16s)
  ep 465,000  ratio=0.2  checkmate: 0.3%  (16s)
  ep 470,000  ratio=0.2  checkmate: 0.3%  (16s)
  ep 475,000  ratio=0.2  checkmate: 0.7%  (16s)
  ep 480,000  ratio=0.2  checkmate: 0.3%  (16s)
  ep 485,000  ratio=0.2  checkmate: 1.3%  (16s)
  ep 490,000  ratio=0.2  checkmate: 1.3%  (16s)
  ep 495,000  ratio=0.2  checkmate: 0.7%  (16s)
  ep 500,000  ratio=0.2  checkmate: 1.3%  (16s)

--- Phase: ratio=0.0  (150,000 episodes) ---
  ep 505,000  ratio=0.0  checkmate: 0.7%  (18s)
  ep 510,000  ratio=0.0  checkmate: 0.7%  (18s)
  ep 515,000  ratio=0.0  checkmate: 1.0%  (17s)
  ep 520,000  ratio=0.0  checkmate: 0.3%  (16s)
  ep 525,000  ratio=0.0  checkmate: 1.7%  (16s)
  ep 530,000  ratio=0.0  checkmate: 0.7%  (15s)
  ep 535,000  ratio=0.0  checkmate: 1.0%  (15s)
  ep 540,000  ratio=0.0  checkmate: 1.0%  (16s)
  ep 545,000  ratio=0.0  checkmate: 1.0%  (15s)
  ep 550,000  ratio=0.0  checkmate: 2.0%  (15s)
  ep 555,000  ratio=0.0  checkmate: 1.3%  (15s)
  ep 560,000  ratio=0.0  checkmate: 0.3%  (14s)
  ep 565,000  ratio=0.0  checkmate: 1.0%  (14s)
  ep 570,000  ratio=0.0  checkmate: 1.0%  (14s)
  ep 575,000  ratio=0.0  checkmate: 0.7%  (14s)
  ep 580,000  ratio=0.0  checkmate: 0.7%  (13s)
  ep 585,000  ratio=0.0  checkmate: 1.3%  (13s)
  ep 590,000  ratio=0.0  checkmate: 0.3%  (13s)
  ep 595,000  ratio=0.0  checkmate: 1.0%  (13s)
  ep 600,000  ratio=0.0  checkmate: 1.3%  (12s)
  ep 605,000  ratio=0.0  checkmate: 1.7%  (12s)
  ep 610,000  ratio=0.0  checkmate: 1.7%  (12s)
  ep 615,000  ratio=0.0  checkmate: 2.0%  (12s)
  ep 620,000  ratio=0.0  checkmate: 1.3%  (11s)
  ep 625,000  ratio=0.0  checkmate: 1.0%  (11s)
  ep 630,000  ratio=0.0  checkmate: 0.7%  (11s)
  ep 635,000  ratio=0.0  checkmate: 1.3%  (11s)
  ep 640,000  ratio=0.0  checkmate: 2.0%  (12s)
  ep 645,000  ratio=0.0  checkmate: 0.7%  (11s)
  ep 650,000  ratio=0.0  checkmate: 2.7%  (11s)

Done. 131 eval points  →  /home/anass/School/chessMate/report/ppo_training_history.json
